
=========================

task: F + F = N 

good:  1 + 1 = 2
good:  2 + 2 = 4
good:  3 + 3 = 6
good:  4 + 4 = 8

found solutions:  4

all solutions:  ['1 + 1 = 2', '2 + 2 = 4', '3 + 3 = 6', '4 + 4 = 8'] 


=========================

task: 2 * a = b 

good:  2 * 1 = 2
good:  2 * 2 = 4
good:  2 * 3 = 6
good:  2 * 4 = 8

found solutions:  4

all solutions:  ['2 * 1 = 2', '2 * 2 = 4', '2 * 3 = 6', '2 * 4 = 8'] 


=========================

task: ТИК + ТАК = АКТ 

good:  216 + 246 = 462
good:  261 + 251 = 512
good:  432 + 492 = 924

found solutions:  3

all solutions:  ['216 + 246 = 462', '261 + 251 = 512', '432 + 492 = 924'] 


=========================

task: ОН + ОНА = ОНИ 

good:  01 + 012 = 013
good:  01 + 013 = 014
good:  01 + 014 = 015
good:  01 + 015 = 016
good:  01 + 016 = 017
good:  01 + 017 = 018
good:  01 + 018 = 019
good:  02 + 021 = 023
good:  02 + 023 = 025
good:  02 + 024 = 026
good:  02 + 025 = 027
good:  02 + 026 = 028
good:  02 + 027 = 029
good:  03 + 031 = 034
good:  03 + 032 = 035
good:  03 + 034 = 037
good:  03 + 035 = 038
good:  03 + 036 = 039
good:  04 + 041 = 045
good:  04 + 042 = 046
good:  04 + 043 = 047
good:  04 + 045 = 049
good:  05 + 051 = 056
good:  05 + 052 = 057
good:  05 + 053 = 058
good:  05 + 054 = 059
good:  06 + 061 = 067
good:  06 + 062 = 068
good:  06 + 063 = 069
good:  07 + 071 = 078
good:  07 + 072 = 079
good:  08 + 081 = 089

found solutions:  32

all solutions:  ['01 + 012 = 013', '01 + 013 = 014', '01 + 014 = 015', '01 + 015 = 016', '01 + 016 = 017', '01 + 017 = 018', '01 + 018 = 019', '02 + 021 = 023', '02 + 023 = 025', '02 + 024 = 026', '02 + 025 = 027', '02 + 026 = 028', '02 + 027 = 029', '03 + 031 = 034', '03 + 032 = 035', '03 + 034 = 037', '03 + 035 = 038', '03 + 036 = 039', '04 + 041 = 045', '04 + 042 = 046', '04 + 043 = 047', '04 + 045 = 049', '05 + 051 = 056', '05 + 052 = 057', '05 + 053 = 058', '05 + 054 = 059', '06 + 061 = 067', '06 + 062 = 068', '06 + 063 = 069', '07 + 071 = 078', '07 + 072 = 079', '08 + 081 = 089'] 


=========================

task: а+да+еда+беда=8888 

good:  7+27+427+8427=8888

found solutions:  1

all solutions:  ['7+27+427+8427=8888'] 

