
=========================

task: FOUR + FIVE = NINE 

good:  1950 + 1284 = 3234
good:  1950 + 1286 = 3236
good:  1950 + 1287 = 3237
good:  1950 + 1482 = 3432
good:  1950 + 1486 = 3436
good:  1950 + 1487 = 3437
good:  1950 + 1682 = 3632
good:  1950 + 1684 = 3634
good:  1950 + 1687 = 3637
good:  1950 + 1782 = 3732
good:  1950 + 1784 = 3734
good:  1950 + 1786 = 3736
good:  1960 + 1274 = 3234
good:  1960 + 1275 = 3235
good:  1960 + 1278 = 3238
good:  1960 + 1472 = 3432
good:  1960 + 1475 = 3435
good:  1960 + 1478 = 3438
good:  1960 + 1572 = 3532
good:  1960 + 1574 = 3534
good:  1960 + 1578 = 3538
good:  1960 + 1872 = 3832
good:  1960 + 1874 = 3834
good:  1960 + 1875 = 3835
good:  1970 + 1264 = 3234
good:  1970 + 1265 = 3235
good:  1970 + 1268 = 3238
good:  1970 + 1462 = 3432
good:  1970 + 1465 = 3435
good:  1970 + 1468 = 3438
good:  1970 + 1562 = 3532
good:  1970 + 1564 = 3534
good:  1970 + 1568 = 3538
good:  1970 + 1862 = 3832
good:  1970 + 1864 = 3834
good:  1970 + 1865 = 3835
good:  1980 + 1254 = 3234
good:  1980 + 1256 = 3236
good:  1980 + 1257 = 3237
good:  1980 + 1452 = 3432
good:  1980 + 1456 = 3436
good:  1980 + 1457 = 3437
good:  1980 + 1652 = 3632
good:  1980 + 1654 = 3634
good:  1980 + 1657 = 3637
good:  1980 + 1752 = 3732
good:  1980 + 1754 = 3734
good:  1980 + 1756 = 3736
good:  2970 + 2183 = 5153
good:  2970 + 2184 = 5154
good:  2970 + 2186 = 5156
good:  2970 + 2381 = 5351
good:  2970 + 2384 = 5354
good:  2970 + 2386 = 5356
good:  2970 + 2481 = 5451
good:  2970 + 2483 = 5453
good:  2970 + 2486 = 5456
good:  2970 + 2681 = 5651
good:  2970 + 2683 = 5653
good:  2970 + 2684 = 5654
good:  2980 + 2173 = 5153
good:  2980 + 2174 = 5154
good:  2980 + 2176 = 5156
good:  2980 + 2371 = 5351
good:  2980 + 2374 = 5354
good:  2980 + 2376 = 5356
good:  2980 + 2471 = 5451
good:  2980 + 2473 = 5453
good:  2980 + 2476 = 5456
good:  2980 + 2671 = 5651
good:  2980 + 2673 = 5653
good:  2980 + 2674 = 5654

found solutions:  72

all solutions:  ['1950 + 1284 = 3234', '1950 + 1286 = 3236', '1950 + 1287 = 3237', '1950 + 1482 = 3432', '1950 + 1486 = 3436', '1950 + 1487 = 3437', '1950 + 1682 = 3632', '1950 + 1684 = 3634', '1950 + 1687 = 3637', '1950 + 1782 = 3732', '1950 + 1784 = 3734', '1950 + 1786 = 3736', '1960 + 1274 = 3234', '1960 + 1275 = 3235', '1960 + 1278 = 3238', '1960 + 1472 = 3432', '1960 + 1475 = 3435', '1960 + 1478 = 3438', '1960 + 1572 = 3532', '1960 + 1574 = 3534', '1960 + 1578 = 3538', '1960 + 1872 = 3832', '1960 + 1874 = 3834', '1960 + 1875 = 3835', '1970 + 1264 = 3234', '1970 + 1265 = 3235', '1970 + 1268 = 3238', '1970 + 1462 = 3432', '1970 + 1465 = 3435', '1970 + 1468 = 3438', '1970 + 1562 = 3532', '1970 + 1564 = 3534', '1970 + 1568 = 3538', '1970 + 1862 = 3832', '1970 + 1864 = 3834', '1970 + 1865 = 3835', '1980 + 1254 = 3234', '1980 + 1256 = 3236', '1980 + 1257 = 3237', '1980 + 1452 = 3432', '1980 + 1456 = 3436', '1980 + 1457 = 3437', '1980 + 1652 = 3632', '1980 + 1654 = 3634', '1980 + 1657 = 3637', '1980 + 1752 = 3732', '1980 + 1754 = 3734', '1980 + 1756 = 3736', '2970 + 2183 = 5153', '2970 + 2184 = 5154', '2970 + 2186 = 5156', '2970 + 2381 = 5351', '2970 + 2384 = 5354', '2970 + 2386 = 5356', '2970 + 2481 = 5451', '2970 + 2483 = 5453', '2970 + 2486 = 5456', '2970 + 2681 = 5651', '2970 + 2683 = 5653', '2970 + 2684 = 5654', '2980 + 2173 = 5153', '2980 + 2174 = 5154', '2980 + 2176 = 5156', '2980 + 2371 = 5351', '2980 + 2374 = 5354', '2980 + 2376 = 5356', '2980 + 2471 = 5451', '2980 + 2473 = 5453', '2980 + 2476 = 5456', '2980 + 2671 = 5651', '2980 + 2673 = 5653', '2980 + 2674 = 5654'] 


=========================

task: MOON + MEN + CAN = REACH 

good:  1778 + 128 + 658 = 02564
good:  2667 + 237 + 547 = 03451
good:  2667 + 237 + 987 = 03891
good:  2669 + 239 + 549 = 03457
good:  3557 + 347 + 987 = 04891
good:  3559 + 349 + 219 = 04127
good:  4996 + 456 + 276 = 05728
good:  5337 + 567 + 987 = 06891
good:  5338 + 568 + 218 = 06124
good:  5339 + 569 + 219 = 06127
good:  5884 + 574 + 934 = 07392
good:  6774 + 684 + 934 = 08392
good:  8554 + 894 + 164 = 09612
good:  9552 + 902 + 382 = 10836

found solutions:  14

all solutions:  ['1778 + 128 + 658 = 02564', '2667 + 237 + 547 = 03451', '2667 + 237 + 987 = 03891', '2669 + 239 + 549 = 03457', '3557 + 347 + 987 = 04891', '3559 + 349 + 219 = 04127', '4996 + 456 + 276 = 05728', '5337 + 567 + 987 = 06891', '5338 + 568 + 218 = 06124', '5339 + 569 + 219 = 06127', '5884 + 574 + 934 = 07392', '6774 + 684 + 934 = 08392', '8554 + 894 + 164 = 09612', '9552 + 902 + 382 = 10836'] 

