
=========================

task: ТРИ+ДВА=ПЯТЬ 

good:  235+789=1024
good:  236+789=1025
good:  239+785=1024
good:  239+786=1025
good:  243+786=1029
good:  246+783=1029
good:  254+769=1023
good:  259+764=1023
good:  264+759=1023
good:  269+754=1023
good:  283+746=1029
good:  285+739=1024
good:  286+739=1025
good:  286+743=1029
good:  289+735=1024
good:  289+736=1025
good:  342+695=1037
good:  345+687=1032
good:  345+692=1037
good:  347+685=1032
good:  352+687=1039
good:  354+678=1032
good:  354+876=1230
good:  356+874=1230
good:  357+682=1039
good:  358+674=1032
good:  364+875=1239
good:  365+874=1239
good:  374+658=1032
good:  374+856=1230
good:  374+865=1239
good:  375+864=1239
good:  376+854=1230
good:  378+654=1032
good:  382+657=1039
good:  385+647=1032
good:  387+645=1032
good:  387+652=1039
good:  392+645=1037
good:  395+642=1037
good:  406+839=1245
good:  407+839=1246
good:  409+836=1245
good:  409+837=1246
good:  436+809=1245
good:  437+809=1246
good:  439+806=1245
good:  439+807=1246
good:  462+587=1049
good:  463+579=1042
good:  467+582=1049
good:  469+573=1042
good:  473+569=1042
good:  479+563=1042
good:  482+567=1049
good:  487+562=1049
good:  507+849=1356
good:  509+847=1356
good:  547+809=1356
good:  549+807=1356
good:  563+489=1052
good:  569+483=1052
good:  573+486=1059
good:  576+483=1059
good:  583+469=1052
good:  583+476=1059
good:  586+473=1059
good:  589+463=1052
good:  603+859=1462
good:  604+758=1362
good:  608+754=1362
good:  609+853=1462
good:  627+438=1065
good:  628+437=1065
good:  628+439=1067
good:  629+438=1067
good:  637+428=1065
good:  638+427=1065
good:  638+429=1067
good:  639+428=1067
good:  653+809=1462
good:  654+708=1362
good:  658+704=1362
good:  659+803=1462
good:  674+589=1263
good:  675+389=1064
good:  679+385=1064
good:  679+584=1263
good:  684+579=1263
good:  685+379=1064
good:  689+375=1064
good:  689+574=1263
good:  703+869=1572
good:  704+569=1273
good:  704+869=1573
good:  709+564=1273
good:  709+863=1572
good:  709+864=1573
good:  725+948=1673
good:  726+349=1075
good:  728+945=1673
good:  729+346=1075
good:  745+928=1673
good:  746+329=1075
good:  748+925=1673
good:  749+326=1075
good:  763+809=1572
good:  764+509=1273
good:  764+809=1573
good:  769+504=1273
good:  769+803=1572
good:  769+804=1573
good:  782+594=1376
good:  782+693=1475
good:  783+692=1475
good:  784+592=1376
good:  792+584=1376
good:  792+683=1475
good:  793+682=1475
good:  794+582=1376
good:  803+679=1482
good:  806+479=1285
good:  809+476=1285
good:  809+673=1482
good:  823+657=1480
good:  824+956=1780
good:  826+954=1780
good:  827+653=1480
good:  832+657=1489
good:  832+954=1786
good:  834+952=1786
good:  836+249=1085
good:  837+249=1086
good:  837+652=1489
good:  839+246=1085
good:  839+247=1086
good:  846+239=1085
good:  847+239=1086
good:  849+236=1085
good:  849+237=1086
good:  852+637=1489
good:  852+934=1786
good:  853+627=1480
good:  854+926=1780
good:  854+932=1786
good:  856+924=1780
good:  857+623=1480
good:  857+632=1489
good:  873+609=1482
good:  876+409=1285
good:  879+406=1285
good:  879+603=1482
good:  905+487=1392
good:  906+587=1493
good:  907+485=1392
good:  907+586=1493
good:  923+567=1490
good:  927+468=1395
good:  927+563=1490
good:  928+467=1395
good:  932+758=1690
good:  934+758=1692
good:  934+856=1790
good:  936+854=1790
good:  938+752=1690
good:  938+754=1692
good:  952+738=1690
good:  954+738=1692
good:  954+836=1790
good:  956+834=1790
good:  958+732=1690
good:  958+734=1692
good:  963+527=1490
good:  967+428=1395
good:  967+523=1490
good:  968+427=1395
good:  985+407=1392
good:  986+507=1493
good:  987+405=1392
good:  987+506=1493

found solutions:  180

all solutions:  ['235+789=1024', '236+789=1025', '239+785=1024', '239+786=1025', '243+786=1029', '246+783=1029', '254+769=1023', '259+764=1023', '264+759=1023', '269+754=1023', '283+746=1029', '285+739=1024', '286+739=1025', '286+743=1029', '289+735=1024', '289+736=1025', '342+695=1037', '345+687=1032', '345+692=1037', '347+685=1032', '352+687=1039', '354+678=1032', '354+876=1230', '356+874=1230', '357+682=1039', '358+674=1032', '364+875=1239', '365+874=1239', '374+658=1032', '374+856=1230', '374+865=1239', '375+864=1239', '376+854=1230', '378+654=1032', '382+657=1039', '385+647=1032', '387+645=1032', '387+652=1039', '392+645=1037', '395+642=1037', '406+839=1245', '407+839=1246', '409+836=1245', '409+837=1246', '436+809=1245', '437+809=1246', '439+806=1245', '439+807=1246', '462+587=1049', '463+579=1042', '467+582=1049', '469+573=1042', '473+569=1042', '479+563=1042', '482+567=1049', '487+562=1049', '507+849=1356', '509+847=1356', '547+809=1356', '549+807=1356', '563+489=1052', '569+483=1052', '573+486=1059', '576+483=1059', '583+469=1052', '583+476=1059', '586+473=1059', '589+463=1052', '603+859=1462', '604+758=1362', '608+754=1362', '609+853=1462', '627+438=1065', '628+437=1065', '628+439=1067', '629+438=1067', '637+428=1065', '638+427=1065', '638+429=1067', '639+428=1067', '653+809=1462', '654+708=1362', '658+704=1362', '659+803=1462', '674+589=1263', '675+389=1064', '679+385=1064', '679+584=1263', '684+579=1263', '685+379=1064', '689+375=1064', '689+574=1263', '703+869=1572', '704+569=1273', '704+869=1573', '709+564=1273', '709+863=1572', '709+864=1573', '725+948=1673', '726+349=1075', '728+945=1673', '729+346=1075', '745+928=1673', '746+329=1075', '748+925=1673', '749+326=1075', '763+809=1572', '764+509=1273', '764+809=1573', '769+504=1273', '769+803=1572', '769+804=1573', '782+594=1376', '782+693=1475', '783+692=1475', '784+592=1376', '792+584=1376', '792+683=1475', '793+682=1475', '794+582=1376', '803+679=1482', '806+479=1285', '809+476=1285', '809+673=1482', '823+657=1480', '824+956=1780', '826+954=1780', '827+653=1480', '832+657=1489', '832+954=1786', '834+952=1786', '836+249=1085', '837+249=1086', '837+652=1489', '839+246=1085', '839+247=1086', '846+239=1085', '847+239=1086', '849+236=1085', '849+237=1086', '852+637=1489', '852+934=1786', '853+627=1480', '854+926=1780', '854+932=1786', '856+924=1780', '857+623=1480', '857+632=1489', '873+609=1482', '876+409=1285', '879+406=1285', '879+603=1482', '905+487=1392', '906+587=1493', '907+485=1392', '907+586=1493', '923+567=1490', '927+468=1395', '927+563=1490', '928+467=1395', '932+758=1690', '934+758=1692', '934+856=1790', '936+854=1790', '938+752=1690', '938+754=1692', '952+738=1690', '954+738=1692', '954+836=1790', '956+834=1790', '958+732=1690', '958+734=1692', '963+527=1490', '967+428=1395', '967+523=1490', '968+427=1395', '985+407=1392', '986+507=1493', '987+405=1392', '987+506=1493'] 


=========================

task: НАУКА+УЧЕБА=РАБОТА 


found solutions:  0

all solutions:  [] 


=========================

task: СИНИЦА+СИНИЦА=ПТИЧКИ 

good:  342457+342457=684914

found solutions:  1

all solutions:  ['342457+342457=684914'] 


=========================

task: РАЙОН+РАЙОН=ГОРОД 

good:  14598+14598=29196
good:  45203+45203=90406

found solutions:  2

all solutions:  ['14598+14598=29196', '45203+45203=90406'] 


=========================

task: ДРАМА+ДРАМА=ТЕАТР 

good:  18969+18969=37938

found solutions:  1

all solutions:  ['18969+18969=37938'] 


=========================

task: БАРБОС+БОБИК=СОБАКИ 

good:  745718+71702=817420
good:  754728+72791=827519

found solutions:  2

all solutions:  ['745718+71702=817420', '754728+72791=827519'] 


=========================

task: КОШКА+КОШКА+КОШКА=СОБАКА 

good:  56350+56350+56350=169050
good:  57350+57350+57350=172050

found solutions:  2

all solutions:  ['56350+56350+56350=169050', '57350+57350+57350=172050'] 


=========================

task: АИСТ+АИСТ+АИСТ+АИСТ=СТАЯ 

good:  1354+1354+1354+1354=5416

found solutions:  1

all solutions:  ['1354+1354+1354+1354=5416'] 


=========================

task: ПАРУС+ПАРУС+ПАРУС+ПАРУС=РЕГАТА 

good:  26159+26159+26159+26159=104636

found solutions:  1

all solutions:  ['26159+26159+26159+26159=104636'] 


=========================

task: ОДИН+ОДИН=МНОГО 

good:  6823+6823=13646

found solutions:  1

all solutions:  ['6823+6823=13646'] 

