
=========================

task: КЕ + НГ = УРУ 

good:  12 + 38 = 050
good:  12 + 48 = 060
good:  12 + 58 = 070
good:  12 + 78 = 090
good:  13 + 27 = 040
good:  13 + 47 = 060
good:  13 + 67 = 080
good:  14 + 36 = 050
good:  14 + 56 = 070
good:  14 + 76 = 090
good:  16 + 34 = 050
good:  16 + 54 = 070
good:  16 + 74 = 090
good:  17 + 23 = 040
good:  17 + 43 = 060
good:  17 + 63 = 080
good:  18 + 32 = 050
good:  18 + 42 = 060
good:  18 + 52 = 070
good:  18 + 72 = 090
good:  21 + 39 = 060
good:  21 + 49 = 070
good:  21 + 59 = 080
good:  23 + 17 = 040
good:  23 + 57 = 080
good:  23 + 67 = 090
good:  23 + 78 = 101
good:  24 + 56 = 080
good:  25 + 76 = 101
good:  26 + 54 = 080
good:  26 + 75 = 101
good:  27 + 13 = 040
good:  27 + 53 = 080
good:  27 + 63 = 090
good:  28 + 73 = 101
good:  29 + 31 = 060
good:  29 + 41 = 070
good:  29 + 51 = 080
good:  31 + 29 = 060
good:  31 + 49 = 080
good:  32 + 18 = 050
good:  32 + 58 = 090
good:  32 + 69 = 101
good:  34 + 16 = 050
good:  34 + 56 = 090
good:  34 + 67 = 101
good:  34 + 87 = 121
good:  35 + 86 = 121
good:  36 + 14 = 050
good:  36 + 54 = 090
good:  36 + 85 = 121
good:  37 + 64 = 101
good:  37 + 84 = 121
good:  38 + 12 = 050
good:  38 + 52 = 090
good:  39 + 21 = 060
good:  39 + 41 = 080
good:  39 + 62 = 101
good:  41 + 29 = 070
good:  41 + 39 = 080
good:  42 + 18 = 060
good:  42 + 59 = 101
good:  42 + 89 = 131
good:  43 + 17 = 060
good:  43 + 58 = 101
good:  43 + 78 = 121
good:  45 + 76 = 121
good:  45 + 86 = 131
good:  46 + 75 = 121
good:  46 + 85 = 131
good:  47 + 13 = 060
good:  48 + 12 = 060
good:  48 + 53 = 101
good:  48 + 73 = 121
good:  49 + 21 = 070
good:  49 + 31 = 080
good:  49 + 52 = 101
good:  49 + 82 = 131
good:  51 + 29 = 080
good:  52 + 18 = 070
good:  52 + 38 = 090
good:  52 + 49 = 101
good:  52 + 79 = 131
good:  52 + 89 = 141
good:  53 + 27 = 080
good:  53 + 48 = 101
good:  53 + 68 = 121
good:  54 + 16 = 070
good:  54 + 26 = 080
good:  54 + 36 = 090
good:  54 + 67 = 121
good:  56 + 14 = 070
good:  56 + 24 = 080
good:  56 + 34 = 090
good:  57 + 23 = 080
good:  57 + 64 = 121
good:  58 + 12 = 070
good:  58 + 32 = 090
good:  58 + 43 = 101
good:  58 + 63 = 121
good:  59 + 21 = 080
good:  59 + 42 = 101
good:  59 + 72 = 131
good:  59 + 82 = 141
good:  62 + 39 = 101
good:  62 + 79 = 141
good:  62 + 89 = 151
good:  63 + 17 = 080
good:  63 + 27 = 090
good:  63 + 58 = 121
good:  63 + 78 = 141
good:  64 + 37 = 101
good:  64 + 57 = 121
good:  64 + 87 = 151
good:  67 + 13 = 080
good:  67 + 23 = 090
good:  67 + 34 = 101
good:  67 + 54 = 121
good:  67 + 84 = 151
good:  68 + 53 = 121
good:  68 + 73 = 141
good:  69 + 32 = 101
good:  69 + 72 = 141
good:  69 + 82 = 151
good:  72 + 18 = 090
good:  72 + 59 = 131
good:  72 + 69 = 141
good:  72 + 89 = 161
good:  73 + 28 = 101
good:  73 + 48 = 121
good:  73 + 68 = 141
good:  74 + 16 = 090
good:  75 + 26 = 101
good:  75 + 46 = 121
good:  76 + 14 = 090
good:  76 + 25 = 101
good:  76 + 45 = 121
good:  78 + 12 = 090
good:  78 + 23 = 101
good:  78 + 43 = 121
good:  78 + 63 = 141
good:  79 + 52 = 131
good:  79 + 62 = 141
good:  79 + 82 = 161
good:  82 + 49 = 131
good:  82 + 59 = 141
good:  82 + 69 = 151
good:  82 + 79 = 161
good:  84 + 37 = 121
good:  84 + 67 = 151
good:  85 + 36 = 121
good:  85 + 46 = 131
good:  86 + 35 = 121
good:  86 + 45 = 131
good:  87 + 34 = 121
good:  87 + 64 = 151
good:  89 + 42 = 131
good:  89 + 52 = 141
good:  89 + 62 = 151
good:  89 + 72 = 161

found solutions:  160

all solutions:  ['12 + 38 = 050', '12 + 48 = 060', '12 + 58 = 070', '12 + 78 = 090', '13 + 27 = 040', '13 + 47 = 060', '13 + 67 = 080', '14 + 36 = 050', '14 + 56 = 070', '14 + 76 = 090', '16 + 34 = 050', '16 + 54 = 070', '16 + 74 = 090', '17 + 23 = 040', '17 + 43 = 060', '17 + 63 = 080', '18 + 32 = 050', '18 + 42 = 060', '18 + 52 = 070', '18 + 72 = 090', '21 + 39 = 060', '21 + 49 = 070', '21 + 59 = 080', '23 + 17 = 040', '23 + 57 = 080', '23 + 67 = 090', '23 + 78 = 101', '24 + 56 = 080', '25 + 76 = 101', '26 + 54 = 080', '26 + 75 = 101', '27 + 13 = 040', '27 + 53 = 080', '27 + 63 = 090', '28 + 73 = 101', '29 + 31 = 060', '29 + 41 = 070', '29 + 51 = 080', '31 + 29 = 060', '31 + 49 = 080', '32 + 18 = 050', '32 + 58 = 090', '32 + 69 = 101', '34 + 16 = 050', '34 + 56 = 090', '34 + 67 = 101', '34 + 87 = 121', '35 + 86 = 121', '36 + 14 = 050', '36 + 54 = 090', '36 + 85 = 121', '37 + 64 = 101', '37 + 84 = 121', '38 + 12 = 050', '38 + 52 = 090', '39 + 21 = 060', '39 + 41 = 080', '39 + 62 = 101', '41 + 29 = 070', '41 + 39 = 080', '42 + 18 = 060', '42 + 59 = 101', '42 + 89 = 131', '43 + 17 = 060', '43 + 58 = 101', '43 + 78 = 121', '45 + 76 = 121', '45 + 86 = 131', '46 + 75 = 121', '46 + 85 = 131', '47 + 13 = 060', '48 + 12 = 060', '48 + 53 = 101', '48 + 73 = 121', '49 + 21 = 070', '49 + 31 = 080', '49 + 52 = 101', '49 + 82 = 131', '51 + 29 = 080', '52 + 18 = 070', '52 + 38 = 090', '52 + 49 = 101', '52 + 79 = 131', '52 + 89 = 141', '53 + 27 = 080', '53 + 48 = 101', '53 + 68 = 121', '54 + 16 = 070', '54 + 26 = 080', '54 + 36 = 090', '54 + 67 = 121', '56 + 14 = 070', '56 + 24 = 080', '56 + 34 = 090', '57 + 23 = 080', '57 + 64 = 121', '58 + 12 = 070', '58 + 32 = 090', '58 + 43 = 101', '58 + 63 = 121', '59 + 21 = 080', '59 + 42 = 101', '59 + 72 = 131', '59 + 82 = 141', '62 + 39 = 101', '62 + 79 = 141', '62 + 89 = 151', '63 + 17 = 080', '63 + 27 = 090', '63 + 58 = 121', '63 + 78 = 141', '64 + 37 = 101', '64 + 57 = 121', '64 + 87 = 151', '67 + 13 = 080', '67 + 23 = 090', '67 + 34 = 101', '67 + 54 = 121', '67 + 84 = 151', '68 + 53 = 121', '68 + 73 = 141', '69 + 32 = 101', '69 + 72 = 141', '69 + 82 = 151', '72 + 18 = 090', '72 + 59 = 131', '72 + 69 = 141', '72 + 89 = 161', '73 + 28 = 101', '73 + 48 = 121', '73 + 68 = 141', '74 + 16 = 090', '75 + 26 = 101', '75 + 46 = 121', '76 + 14 = 090', '76 + 25 = 101', '76 + 45 = 121', '78 + 12 = 090', '78 + 23 = 101', '78 + 43 = 121', '78 + 63 = 141', '79 + 52 = 131', '79 + 62 = 141', '79 + 82 = 161', '82 + 49 = 131', '82 + 59 = 141', '82 + 69 = 151', '82 + 79 = 161', '84 + 37 = 121', '84 + 67 = 151', '85 + 36 = 121', '85 + 46 = 131', '86 + 35 = 121', '86 + 45 = 131', '87 + 34 = 121', '87 + 64 = 151', '89 + 42 = 131', '89 + 52 = 141', '89 + 62 = 151', '89 + 72 = 161'] 


=========================

task: УДАР + УДАР = ДРАКА 

good:  8126 + 8126 = 16252

found solutions:  1

all solutions:  ['8126 + 8126 = 16252'] 


=========================

task: ДЕТАЛЬ + ДЕТАЛЬ = ИЗДЕЛИЕ 

good:  684259 + 684259 = 1368518

found solutions:  1

all solutions:  ['684259 + 684259 = 1368518'] 


=========================

task: НИТКА + НИТКА = ТКАНЬ 

good:  15306 + 15306 = 30612

found solutions:  1

all solutions:  ['15306 + 15306 = 30612'] 


=========================

task: НАУКА + УЧЁБА = РАБОТА 


found solutions:  0

all solutions:  [] 


=========================

task: ТИК + ТАК = АКТ 

good:  216 + 246 = 462
good:  261 + 251 = 512
good:  432 + 492 = 924

found solutions:  3

all solutions:  ['216 + 246 = 462', '261 + 251 = 512', '432 + 492 = 924'] 

